<?xml version="1.0" encoding="UTF-8"?>
<testsuite xmlns:xsi="http://www.w3.org/2001/XMLSchema-instance" xsi:noNamespaceSchemaLocation="https://maven.apache.org/surefire/maven-surefire-plugin/xsd/surefire-test-report-3.0.xsd" version="3.0" name="TestCollisionSystem" time="0.404" tests="2" errors="0" skipped="0" failures="0">
  <properties>
    <property name="sun.desktop" value="windows"/>
    <property name="awt.toolkit" value="sun.awt.windows.WToolkit"/>
    <property name="java.specification.version" value="11"/>
    <property name="sun.cpu.isalist" value="amd64"/>
    <property name="sun.jnu.encoding" value="Cp1252"/>
    <property name="java.class.path" value="D:\repos\SE04_KOM\lab_08_testing\SE04_KOM_netbeans\common\target\test-classes;D:\repos\SE04_KOM\lab_08_testing\SE04_KOM_netbeans\common\target\classes;C:\Users\sbang\.m2\repository\org\netbeans\api\org-netbeans-api-annotations-common\RELEASE90\org-netbeans-api-annotations-common-RELEASE90.jar;C:\Users\sbang\.m2\repository\com\badlogicgames\gdx\gdx\1.9.10\gdx-1.9.10.jar;C:\Users\sbang\.m2\repository\org\netbeans\api\org-openide-util-lookup\RELEASE90\org-openide-util-lookup-RELEASE90.jar;C:\Users\sbang\.m2\repository\junit\junit\4.13\junit-4.13.jar;C:\Users\sbang\.m2\repository\org\hamcrest\hamcrest-core\1.3\hamcrest-core-1.3.jar;C:\Users\sbang\.m2\repository\org\junit\jupiter\junit-jupiter-api\5.5.0-M1\junit-jupiter-api-5.5.0-M1.jar;C:\Users\sbang\.m2\repository\org\apiguardian\apiguardian-api\1.0.0\apiguardian-api-1.0.0.jar;C:\Users\sbang\.m2\repository\org\opentest4j\opentest4j\1.1.1\opentest4j-1.1.1.jar;C:\Users\sbang\.m2\repository\org\junit\platform\junit-platform-commons\1.5.0-M1\junit-platform-commons-1.5.0-M1.jar;"/>
    <property name="java.vm.vendor" value="Oracle Corporation"/>
    <property name="sun.arch.data.model" value="64"/>
    <property name="user.variant" value=""/>
    <property name="java.vendor.url" value="http://java.oracle.com/"/>
    <property name="user.timezone" value="Europe/Paris"/>
    <property name="user.country.format" value="DK"/>
    <property name="java.vm.specification.version" value="11"/>
    <property name="os.name" value="Windows 10"/>
    <property name="user.country" value="US"/>
    <property name="sun.java.launcher" value="SUN_STANDARD"/>
    <property name="sun.boot.library.path" value="C:\Program Files\Java\jdk-11.0.4\bin"/>
    <property name="sun.java.command" value="C:\Users\sbang\AppData\Local\Temp\surefire17049529092080771586\surefirebooter17744380327199913090.jar C:\Users\sbang\AppData\Local\Temp\surefire17049529092080771586 2020-04-19T15-09-49_619-jvmRun1 surefire1761266219701392841tmp surefire_08036492225264205781tmp"/>
    <property name="jdk.debug" value="release"/>
    <property name="surefire.test.class.path" value="D:\repos\SE04_KOM\lab_08_testing\SE04_KOM_netbeans\common\target\test-classes;D:\repos\SE04_KOM\lab_08_testing\SE04_KOM_netbeans\common\target\classes;C:\Users\sbang\.m2\repository\org\netbeans\api\org-netbeans-api-annotations-common\RELEASE90\org-netbeans-api-annotations-common-RELEASE90.jar;C:\Users\sbang\.m2\repository\com\badlogicgames\gdx\gdx\1.9.10\gdx-1.9.10.jar;C:\Users\sbang\.m2\repository\org\netbeans\api\org-openide-util-lookup\RELEASE90\org-openide-util-lookup-RELEASE90.jar;C:\Users\sbang\.m2\repository\junit\junit\4.13\junit-4.13.jar;C:\Users\sbang\.m2\repository\org\hamcrest\hamcrest-core\1.3\hamcrest-core-1.3.jar;C:\Users\sbang\.m2\repository\org\junit\jupiter\junit-jupiter-api\5.5.0-M1\junit-jupiter-api-5.5.0-M1.jar;C:\Users\sbang\.m2\repository\org\apiguardian\apiguardian-api\1.0.0\apiguardian-api-1.0.0.jar;C:\Users\sbang\.m2\repository\org\opentest4j\opentest4j\1.1.1\opentest4j-1.1.1.jar;C:\Users\sbang\.m2\repository\org\junit\platform\junit-platform-commons\1.5.0-M1\junit-platform-commons-1.5.0-M1.jar;"/>
    <property name="sun.cpu.endian" value="little"/>
    <property name="user.home" value="C:\Users\sbang"/>
    <property name="user.language" value="en"/>
    <property name="java.specification.vendor" value="Oracle Corporation"/>
    <property name="java.version.date" value="2019-07-16"/>
    <property name="java.home" value="C:\Program Files\Java\jdk-11.0.4"/>
    <property name="file.separator" value="\"/>
    <property name="basedir" value="D:\repos\SE04_KOM\lab_08_testing\SE04_KOM_netbeans\common"/>
    <property name="java.vm.compressedOopsMode" value="Zero based"/>
    <property name="line.separator" value="&#10;"/>
    <property name="java.specification.name" value="Java Platform API Specification"/>
    <property name="java.vm.specification.vendor" value="Oracle Corporation"/>
    <property name="java.awt.graphicsenv" value="sun.awt.Win32GraphicsEnvironment"/>
    <property name="surefire.real.class.path" value="C:\Users\sbang\AppData\Local\Temp\surefire17049529092080771586\surefirebooter17744380327199913090.jar"/>
    <property name="user.script" value=""/>
    <property name="sun.management.compiler" value="HotSpot 64-Bit Tiered Compilers"/>
    <property name="java.runtime.version" value="11.0.4+10-LTS"/>
    <property name="user.name" value="sbang"/>
    <property name="path.separator" value=";"/>
    <property name="os.version" value="10.0"/>
    <property name="java.runtime.name" value="Java(TM) SE Runtime Environment"/>
    <property name="file.encoding" value="UTF-8"/>
    <property name="java.vm.name" value="Java HotSpot(TM) 64-Bit Server VM"/>
    <property name="java.vendor.version" value="18.9"/>
    <property name="maven.ext.class.path" value="C:\ProgramData\NetBeans-11.2\netbeans\java\maven-nblib\netbeans-eventspy.jar"/>
    <property name="localRepository" value="C:\Users\sbang\.m2\repository"/>
    <property name="java.vendor.url.bug" value="http://bugreport.java.com/bugreport/"/>
    <property name="java.io.tmpdir" value="C:\Users\sbang\AppData\Local\Temp\"/>
    <property name="java.version" value="11.0.4"/>
    <property name="user.dir" value="D:\repos\SE04_KOM\lab_08_testing\SE04_KOM_netbeans\common"/>
    <property name="os.arch" value="amd64"/>
    <property name="java.vm.specification.name" value="Java Virtual Machine Specification"/>
    <property name="java.awt.printerjob" value="sun.awt.windows.WPrinterJob"/>
    <property name="user.language.format" value="da"/>
    <property name="sun.os.patch.level" value=""/>
    <property name="java.library.path" value="C:\Program Files\Java\jdk-11.0.4\bin;C:\WINDOWS\Sun\Java\bin;C:\WINDOWS\system32;C:\WINDOWS;C:\Program Files (x86)\Common Files\Oracle\Java\javapath;C:\Windows\system32;C:\Windows;C:\Windows\System32\Wbem;C:\Windows\System32\WindowsPowerShell\v1.0\;C:\Windows\System32\OpenSSH\;C:\Program Files\PuTTY\;C:\Program Files\Microsoft VS Code\bin;C:\Program Files\dotnet\;D:\Program Files (x86)\PHP;C:\Program Files\WIDCOMM\Bluetooth Software\;C:\Program Files\WIDCOMM\Bluetooth Software\syswow64;C:\Program Files\Git\cmd;D:\Program Files\nodejs\;C:\WINDOWS\system32;C:\WINDOWS;C:\WINDOWS\System32\Wbem;C:\WINDOWS\System32\WindowsPowerShell\v1.0\;C:\WINDOWS\System32\OpenSSH\;D:\Program Files (x86)\Universal Extractor;D:\Program Files (x86)\Universal Extractor\bin;C:\Program Files\NVIDIA Corporation\NVIDIA NvDLISR;&quot;;C:\Program Files (x86)\Gradle\bin&quot;;C:\Program Files (x86)\NVIDIA Corporation\PhysX\Common;D:\Program Files\MATLAB\R2019a\bin;C:\Program Files\Microsoft SQL Server\130\Tools\Binn\;C:\Program Files\apache-maven-3.6.2\bin;C:\Program Files\Java\jdk-11.0.4;;C:\WINDOWS\system32;C:\WINDOWS;C:\WINDOWS\System32\Wbem;C:\WINDOWS\System32\WindowsPowerShell\v1.0\;C:\WINDOWS\System32\OpenSSH\;C:\Program Files\cURL\bin;C:\Program Files\Docker\Docker\resources\bin;C:\ProgramData\DockerDesktop\version-bin;C:\Users\sbang\AppData\Local\Microsoft\WindowsApps;C:\Program Files\Java\jdk-11.0.4\bin;C:\Users\sbang\AppData\Local\GitHubDesktop\bin;C:\Users\sbang\AppData\Local\Pandoc\;C:\Users\sbang\AppData\Local\Microsoft\WindowsApps;C:\Users\sbang\AppData\Local\Programs\Microsoft VS Code\bin;;."/>
    <property name="java.vendor" value="Oracle Corporation"/>
    <property name="java.vm.info" value="mixed mode"/>
    <property name="java.vm.version" value="11.0.4+10-LTS"/>
    <property name="sun.io.unicode.encoding" value="UnicodeLittle"/>
    <property name="java.class.version" value="55.0"/>
  </properties>
  <testcase name="test_collision_isNotHit" classname="TestCollisionSystem" time="0.395"/>
  <testcase name="test_collision_isHit" classname="TestCollisionSystem" time="0.001"/>
</testsuite>